1741084327.264548 client started (3013109): version 3.2a, socket /tmp/tmux-1010/default, protocol 8
1741084327.264563 on Linux 5.15.0-78-generic #85-Ubuntu SMP Fri Jul 7 15:25:09 UTC 2023
1741084327.264567 using libevent 2.1.12-stable (poll); ncurses 6.3
1741084327.264584 flags are 0x18010000
1741084327.264587 socket is /tmp/tmux-1010/default
1741084327.264595 trying connect
1741084327.264604 connect failed: No such file or directory
1741084327.264610 lock file is /tmp/tmux-1010/default.lock
1741084327.264625 flock succeeded
1741084327.264628 got lock (6)
1741084327.264632 trying connect
1741084327.264637 connect failed: No such file or directory
1741084327.264782 add peer 0x5621865c2bb0: 7 ((nil))
1741084327.265058 sending message 100 to peer 0x5621865c2bb0 (4 bytes)
1741084327.265065 sending message 111 to peer 0x5621865c2bb0 (8 bytes)
1741084327.265068 sending message 101 to peer 0x5621865c2bb0 (15 bytes)
1741084327.265070 sending message 109 to peer 0x5621865c2bb0 (4 bytes)
1741084327.265073 sending message 102 to peer 0x5621865c2bb0 (12 bytes)
1741084327.265076 sending message 108 to peer 0x5621865c2bb0 (26 bytes)
1741084327.265079 sending message 112 to peer 0x5621865c2bb0 (58 bytes)
1741084327.265082 sending message 112 to peer 0x5621865c2bb0 (5 bytes)
1741084327.265085 sending message 112 to peer 0x5621865c2bb0 (5 bytes)
1741084327.265088 sending message 112 to peer 0x5621865c2bb0 (6 bytes)
1741084327.265090 sending message 112 to peer 0x5621865c2bb0 (6 bytes)
1741084327.265093 sending message 112 to peer 0x5621865c2bb0 (11 bytes)
1741084327.265096 sending message 112 to peer 0x5621865c2bb0 (10 bytes)
1741084327.265098 sending message 112 to peer 0x5621865c2bb0 (13 bytes)
1741084327.265101 sending message 112 to peer 0x5621865c2bb0 (14 bytes)
1741084327.265103 sending message 112 to peer 0x5621865c2bb0 (19 bytes)
1741084327.265106 sending message 112 to peer 0x5621865c2bb0 (11 bytes)
1741084327.265109 sending message 112 to peer 0x5621865c2bb0 (10 bytes)
1741084327.265111 sending message 112 to peer 0x5621865c2bb0 (15 bytes)
1741084327.265114 sending message 112 to peer 0x5621865c2bb0 (21 bytes)
1741084327.265116 sending message 112 to peer 0x5621865c2bb0 (13 bytes)
1741084327.265119 sending message 112 to peer 0x5621865c2bb0 (7 bytes)
1741084327.265122 sending message 112 to peer 0x5621865c2bb0 (13 bytes)
1741084327.265124 sending message 112 to peer 0x5621865c2bb0 (7 bytes)
1741084327.265127 sending message 112 to peer 0x5621865c2bb0 (13 bytes)
1741084327.265129 sending message 112 to peer 0x5621865c2bb0 (9 bytes)
1741084327.265132 sending message 112 to peer 0x5621865c2bb0 (21 bytes)
1741084327.265134 sending message 112 to peer 0x5621865c2bb0 (13 bytes)
1741084327.265137 sending message 112 to peer 0x5621865c2bb0 (9 bytes)
1741084327.265140 sending message 112 to peer 0x5621865c2bb0 (16 bytes)
1741084327.265143 sending message 112 to peer 0x5621865c2bb0 (13 bytes)
1741084327.265145 sending message 112 to peer 0x5621865c2bb0 (9 bytes)
1741084327.265148 sending message 112 to peer 0x5621865c2bb0 (9 bytes)
1741084327.265150 sending message 112 to peer 0x5621865c2bb0 (12 bytes)
1741084327.265153 sending message 112 to peer 0x5621865c2bb0 (8 bytes)
1741084327.265156 sending message 112 to peer 0x5621865c2bb0 (8 bytes)
1741084327.265158 sending message 112 to peer 0x5621865c2bb0 (13 bytes)
1741084327.265161 sending message 112 to peer 0x5621865c2bb0 (7 bytes)
1741084327.265165 sending message 112 to peer 0x5621865c2bb0 (7 bytes)
1741084327.265168 sending message 112 to peer 0x5621865c2bb0 (9 bytes)
1741084327.265170 sending message 112 to peer 0x5621865c2bb0 (9 bytes)
1741084327.265173 sending message 112 to peer 0x5621865c2bb0 (15 bytes)
1741084327.265175 sending message 112 to peer 0x5621865c2bb0 (13 bytes)
1741084327.265178 sending message 112 to peer 0x5621865c2bb0 (12 bytes)
1741084327.265181 sending message 112 to peer 0x5621865c2bb0 (8 bytes)
1741084327.265183 sending message 112 to peer 0x5621865c2bb0 (14 bytes)
1741084327.265186 sending message 112 to peer 0x5621865c2bb0 (11 bytes)
1741084327.265189 sending message 112 to peer 0x5621865c2bb0 (9 bytes)
1741084327.265196 sending message 112 to peer 0x5621865c2bb0 (10 bytes)
1741084327.265198 sending message 112 to peer 0x5621865c2bb0 (10 bytes)
1741084327.265201 sending message 112 to peer 0x5621865c2bb0 (10 bytes)
1741084327.265204 sending message 112 to peer 0x5621865c2bb0 (10 bytes)
1741084327.265206 sending message 112 to peer 0x5621865c2bb0 (11 bytes)
1741084327.265209 sending message 112 to peer 0x5621865c2bb0 (12 bytes)
1741084327.265212 sending message 112 to peer 0x5621865c2bb0 (12 bytes)
1741084327.265215 sending message 112 to peer 0x5621865c2bb0 (12 bytes)
1741084327.265218 sending message 112 to peer 0x5621865c2bb0 (12 bytes)
1741084327.265220 sending message 112 to peer 0x5621865c2bb0 (12 bytes)
1741084327.265223 sending message 112 to peer 0x5621865c2bb0 (11 bytes)
1741084327.265225 sending message 112 to peer 0x5621865c2bb0 (11 bytes)
1741084327.265228 sending message 112 to peer 0x5621865c2bb0 (12 bytes)
1741084327.265230 sending message 112 to peer 0x5621865c2bb0 (12 bytes)
1741084327.265233 sending message 112 to peer 0x5621865c2bb0 (12 bytes)
1741084327.265236 sending message 112 to peer 0x5621865c2bb0 (12 bytes)
1741084327.265238 sending message 112 to peer 0x5621865c2bb0 (12 bytes)
1741084327.265241 sending message 112 to peer 0x5621865c2bb0 (9 bytes)
1741084327.265244 sending message 112 to peer 0x5621865c2bb0 (12 bytes)
1741084327.265246 sending message 112 to peer 0x5621865c2bb0 (13 bytes)
1741084327.265249 sending message 112 to peer 0x5621865c2bb0 (13 bytes)
1741084327.265252 sending message 112 to peer 0x5621865c2bb0 (13 bytes)
1741084327.265261 sending message 112 to peer 0x5621865c2bb0 (13 bytes)
1741084327.265264 sending message 112 to peer 0x5621865c2bb0 (13 bytes)
1741084327.265266 sending message 112 to peer 0x5621865c2bb0 (8 bytes)
1741084327.265270 sending message 112 to peer 0x5621865c2bb0 (11 bytes)
1741084327.265273 sending message 112 to peer 0x5621865c2bb0 (11 bytes)
1741084327.265275 sending message 112 to peer 0x5621865c2bb0 (11 bytes)
1741084327.265278 sending message 112 to peer 0x5621865c2bb0 (12 bytes)
1741084327.265281 sending message 112 to peer 0x5621865c2bb0 (12 bytes)
1741084327.265283 sending message 112 to peer 0x5621865c2bb0 (12 bytes)
1741084327.265286 sending message 112 to peer 0x5621865c2bb0 (12 bytes)
1741084327.265288 sending message 112 to peer 0x5621865c2bb0 (13 bytes)
1741084327.265291 sending message 112 to peer 0x5621865c2bb0 (13 bytes)
1741084327.265293 sending message 112 to peer 0x5621865c2bb0 (13 bytes)
1741084327.265296 sending message 112 to peer 0x5621865c2bb0 (8 bytes)
1741084327.265299 sending message 112 to peer 0x5621865c2bb0 (13 bytes)
1741084327.265301 sending message 112 to peer 0x5621865c2bb0 (13 bytes)
1741084327.265304 sending message 112 to peer 0x5621865c2bb0 (13 bytes)
1741084327.265307 sending message 112 to peer 0x5621865c2bb0 (13 bytes)
1741084327.265309 sending message 112 to peer 0x5621865c2bb0 (13 bytes)
1741084327.265312 sending message 112 to peer 0x5621865c2bb0 (12 bytes)
1741084327.265314 sending message 112 to peer 0x5621865c2bb0 (12 bytes)
1741084327.265317 sending message 112 to peer 0x5621865c2bb0 (12 bytes)
1741084327.265320 sending message 112 to peer 0x5621865c2bb0 (12 bytes)
1741084327.265322 sending message 112 to peer 0x5621865c2bb0 (13 bytes)
1741084327.265325 sending message 112 to peer 0x5621865c2bb0 (8 bytes)
1741084327.265327 sending message 112 to peer 0x5621865c2bb0 (13 bytes)
1741084327.265330 sending message 112 to peer 0x5621865c2bb0 (13 bytes)
1741084327.265333 sending message 112 to peer 0x5621865c2bb0 (13 bytes)
1741084327.265335 sending message 112 to peer 0x5621865c2bb0 (13 bytes)
1741084327.265338 sending message 112 to peer 0x5621865c2bb0 (13 bytes)
1741084327.265341 sending message 112 to peer 0x5621865c2bb0 (13 bytes)
1741084327.265343 sending message 112 to peer 0x5621865c2bb0 (13 bytes)
1741084327.265346 sending message 112 to peer 0x5621865c2bb0 (12 bytes)
1741084327.265348 sending message 112 to peer 0x5621865c2bb0 (12 bytes)
1741084327.265351 sending message 112 to peer 0x5621865c2bb0 (12 bytes)
1741084327.265357 sending message 112 to peer 0x5621865c2bb0 (8 bytes)
1741084327.265360 sending message 112 to peer 0x5621865c2bb0 (12 bytes)
1741084327.265363 sending message 112 to peer 0x5621865c2bb0 (13 bytes)
1741084327.265365 sending message 112 to peer 0x5621865c2bb0 (13 bytes)
1741084327.265368 sending message 112 to peer 0x5621865c2bb0 (13 bytes)
1741084327.265371 sending message 112 to peer 0x5621865c2bb0 (13 bytes)
1741084327.265373 sending message 112 to peer 0x5621865c2bb0 (13 bytes)
1741084327.265376 sending message 112 to peer 0x5621865c2bb0 (13 bytes)
1741084327.265378 sending message 112 to peer 0x5621865c2bb0 (13 bytes)
1741084327.265381 sending message 112 to peer 0x5621865c2bb0 (13 bytes)
1741084327.265384 sending message 112 to peer 0x5621865c2bb0 (12 bytes)
1741084327.265386 sending message 112 to peer 0x5621865c2bb0 (10 bytes)
1741084327.265389 sending message 112 to peer 0x5621865c2bb0 (12 bytes)
1741084327.265391 sending message 112 to peer 0x5621865c2bb0 (12 bytes)
1741084327.265394 sending message 112 to peer 0x5621865c2bb0 (12 bytes)
1741084327.265396 sending message 112 to peer 0x5621865c2bb0 (13 bytes)
1741084327.265399 sending message 112 to peer 0x5621865c2bb0 (13 bytes)
1741084327.265402 sending message 112 to peer 0x5621865c2bb0 (13 bytes)
1741084327.265404 sending message 112 to peer 0x5621865c2bb0 (13 bytes)
1741084327.265407 sending message 112 to peer 0x5621865c2bb0 (13 bytes)
1741084327.265410 sending message 112 to peer 0x5621865c2bb0 (13 bytes)
1741084327.265412 sending message 112 to peer 0x5621865c2bb0 (13 bytes)
1741084327.265415 sending message 112 to peer 0x5621865c2bb0 (10 bytes)
1741084327.265417 sending message 112 to peer 0x5621865c2bb0 (13 bytes)
1741084327.265420 sending message 112 to peer 0x5621865c2bb0 (12 bytes)
1741084327.265422 sending message 112 to peer 0x5621865c2bb0 (12 bytes)
1741084327.265425 sending message 112 to peer 0x5621865c2bb0 (12 bytes)
1741084327.265428 sending message 112 to peer 0x5621865c2bb0 (10 bytes)
1741084327.265430 sending message 112 to peer 0x5621865c2bb0 (10 bytes)
1741084327.265433 sending message 112 to peer 0x5621865c2bb0 (10 bytes)
1741084327.265437 sending message 112 to peer 0x5621865c2bb0 (12 bytes)
1741084327.265440 sending message 112 to peer 0x5621865c2bb0 (13 bytes)
1741084327.265442 sending message 112 to peer 0x5621865c2bb0 (13 bytes)
1741084327.265445 sending message 112 to peer 0x5621865c2bb0 (13 bytes)
1741084327.265448 sending message 112 to peer 0x5621865c2bb0 (13 bytes)
1741084327.265450 sending message 112 to peer 0x5621865c2bb0 (13 bytes)
1741084327.265453 sending message 112 to peer 0x5621865c2bb0 (10 bytes)
1741084327.265455 sending message 112 to peer 0x5621865c2bb0 (11 bytes)
1741084327.265458 sending message 112 to peer 0x5621865c2bb0 (12 bytes)
1741084327.265461 sending message 112 to peer 0x5621865c2bb0 (12 bytes)
1741084327.265463 sending message 112 to peer 0x5621865c2bb0 (12 bytes)
1741084327.265466 sending message 112 to peer 0x5621865c2bb0 (12 bytes)
1741084327.265468 sending message 112 to peer 0x5621865c2bb0 (12 bytes)
1741084327.265471 sending message 112 to peer 0x5621865c2bb0 (11 bytes)
1741084327.265474 sending message 112 to peer 0x5621865c2bb0 (12 bytes)
1741084327.265476 sending message 112 to peer 0x5621865c2bb0 (12 bytes)
1741084327.265479 sending message 112 to peer 0x5621865c2bb0 (13 bytes)
1741084327.265481 sending message 112 to peer 0x5621865c2bb0 (13 bytes)
1741084327.265484 sending message 112 to peer 0x5621865c2bb0 (13 bytes)
1741084327.265486 sending message 112 to peer 0x5621865c2bb0 (13 bytes)
1741084327.265489 sending message 112 to peer 0x5621865c2bb0 (13 bytes)
1741084327.265492 sending message 112 to peer 0x5621865c2bb0 (10 bytes)
1741084327.265494 sending message 112 to peer 0x5621865c2bb0 (9 bytes)
1741084327.265497 sending message 112 to peer 0x5621865c2bb0 (12 bytes)
1741084327.265499 sending message 112 to peer 0x5621865c2bb0 (13 bytes)
1741084327.265502 sending message 112 to peer 0x5621865c2bb0 (13 bytes)
1741084327.265504 sending message 112 to peer 0x5621865c2bb0 (13 bytes)
1741084327.265509 sending message 112 to peer 0x5621865c2bb0 (13 bytes)
1741084327.265512 sending message 112 to peer 0x5621865c2bb0 (13 bytes)
1741084327.265514 sending message 112 to peer 0x5621865c2bb0 (9 bytes)
1741084327.265519 sending message 112 to peer 0x5621865c2bb0 (12 bytes)
1741084327.265522 sending message 112 to peer 0x5621865c2bb0 (13 bytes)
1741084327.265525 sending message 112 to peer 0x5621865c2bb0 (13 bytes)
1741084327.265528 sending message 112 to peer 0x5621865c2bb0 (13 bytes)
1741084327.265531 sending message 112 to peer 0x5621865c2bb0 (13 bytes)
1741084327.265533 sending message 112 to peer 0x5621865c2bb0 (13 bytes)
1741084327.265536 sending message 112 to peer 0x5621865c2bb0 (11 bytes)
1741084327.265549 sending message 112 to peer 0x5621865c2bb0 (12 bytes)
1741084327.265551 sending message 112 to peer 0x5621865c2bb0 (13 bytes)
1741084327.265555 sending message 112 to peer 0x5621865c2bb0 (13 bytes)
1741084327.265557 sending message 112 to peer 0x5621865c2bb0 (13 bytes)
1741084327.265560 sending message 112 to peer 0x5621865c2bb0 (13 bytes)
1741084327.265562 sending message 112 to peer 0x5621865c2bb0 (13 bytes)
1741084327.265564 sending message 112 to peer 0x5621865c2bb0 (11 bytes)
1741084327.265567 sending message 112 to peer 0x5621865c2bb0 (12 bytes)
1741084327.265569 sending message 112 to peer 0x5621865c2bb0 (12 bytes)
1741084327.265571 sending message 112 to peer 0x5621865c2bb0 (12 bytes)
1741084327.265574 sending message 112 to peer 0x5621865c2bb0 (12 bytes)
1741084327.265576 sending message 112 to peer 0x5621865c2bb0 (12 bytes)
1741084327.265578 sending message 112 to peer 0x5621865c2bb0 (21 bytes)
1741084327.265581 sending message 112 to peer 0x5621865c2bb0 (12 bytes)
1741084327.265583 sending message 112 to peer 0x5621865c2bb0 (9 bytes)
1741084327.265585 sending message 112 to peer 0x5621865c2bb0 (6 bytes)
1741084327.265588 sending message 112 to peer 0x5621865c2bb0 (13 bytes)
1741084327.265590 sending message 112 to peer 0x5621865c2bb0 (10 bytes)
1741084327.265594 sending message 112 to peer 0x5621865c2bb0 (24 bytes)
1741084327.265596 sending message 112 to peer 0x5621865c2bb0 (13 bytes)
1741084327.265599 sending message 112 to peer 0x5621865c2bb0 (9 bytes)
1741084327.265602 sending message 112 to peer 0x5621865c2bb0 (70 bytes)
1741084327.265605 sending message 112 to peer 0x5621865c2bb0 (69 bytes)
1741084327.265608 sending message 112 to peer 0x5621865c2bb0 (12 bytes)
1741084327.265610 sending message 112 to peer 0x5621865c2bb0 (10 bytes)
1741084327.265612 sending message 112 to peer 0x5621865c2bb0 (10 bytes)
1741084327.265615 sending message 112 to peer 0x5621865c2bb0 (24 bytes)
1741084327.265617 sending message 112 to peer 0x5621865c2bb0 (13 bytes)
1741084327.265619 sending message 112 to peer 0x5621865c2bb0 (10 bytes)
1741084327.265622 sending message 112 to peer 0x5621865c2bb0 (10 bytes)
1741084327.265624 sending message 112 to peer 0x5621865c2bb0 (10 bytes)
1741084327.265627 sending message 112 to peer 0x5621865c2bb0 (13 bytes)
1741084327.265629 sending message 112 to peer 0x5621865c2bb0 (15 bytes)
1741084327.265631 sending message 112 to peer 0x5621865c2bb0 (5 bytes)
1741084327.265635 sending message 104 to peer 0x5621865c2bb0 (0 bytes)
1741084327.265638 sending message 110 to peer 0x5621865c2bb0 (0 bytes)
1741084327.265640 sending message 107 to peer 0x5621865c2bb0 (4 bytes)
1741084327.265643 sending message 105 to peer 0x5621865c2bb0 (16 bytes)
1741084327.265645 sending message 105 to peer 0x5621865c2bb0 (20 bytes)
1741084327.265648 sending message 105 to peer 0x5621865c2bb0 (28 bytes)
1741084327.265650 sending message 105 to peer 0x5621865c2bb0 (44 bytes)
1741084327.265652 sending message 105 to peer 0x5621865c2bb0 (47 bytes)
1741084327.265655 sending message 105 to peer 0x5621865c2bb0 (33 bytes)
1741084327.265657 sending message 105 to peer 0x5621865c2bb0 (30 bytes)
1741084327.265660 sending message 105 to peer 0x5621865c2bb0 (20 bytes)
1741084327.265662 sending message 105 to peer 0x5621865c2bb0 (21 bytes)
1741084327.265664 sending message 105 to peer 0x5621865c2bb0 (123 bytes)
1741084327.265670 sending message 105 to peer 0x5621865c2bb0 (129 bytes)
1741084327.265672 sending message 105 to peer 0x5621865c2bb0 (15 bytes)
1741084327.265676 sending message 105 to peer 0x5621865c2bb0 (23 bytes)
1741084327.265679 sending message 105 to peer 0x5621865c2bb0 (17 bytes)
1741084327.265681 sending message 105 to peer 0x5621865c2bb0 (1519 bytes)
1741084327.265694 sending message 105 to peer 0x5621865c2bb0 (32 bytes)
1741084327.265697 sending message 105 to peer 0x5621865c2bb0 (143 bytes)
1741084327.265700 sending message 105 to peer 0x5621865c2bb0 (53 bytes)
1741084327.265702 sending message 105 to peer 0x5621865c2bb0 (31 bytes)
1741084327.265705 sending message 105 to peer 0x5621865c2bb0 (34 bytes)
1741084327.265707 sending message 105 to peer 0x5621865c2bb0 (23 bytes)
1741084327.265710 sending message 105 to peer 0x5621865c2bb0 (20 bytes)
1741084327.265712 sending message 105 to peer 0x5621865c2bb0 (168 bytes)
1741084327.265715 sending message 105 to peer 0x5621865c2bb0 (32 bytes)
1741084327.265717 sending message 105 to peer 0x5621865c2bb0 (17 bytes)
1741084327.265720 sending message 105 to peer 0x5621865c2bb0 (64 bytes)
1741084327.265722 sending message 105 to peer 0x5621865c2bb0 (8 bytes)
1741084327.265725 sending message 105 to peer 0x5621865c2bb0 (20 bytes)
1741084327.265727 sending message 105 to peer 0x5621865c2bb0 (91 bytes)
1741084327.265730 sending message 105 to peer 0x5621865c2bb0 (31 bytes)
1741084327.265732 sending message 105 to peer 0x5621865c2bb0 (53 bytes)
1741084327.265735 sending message 105 to peer 0x5621865c2bb0 (34 bytes)
1741084327.265737 sending message 105 to peer 0x5621865c2bb0 (160 bytes)
1741084327.265739 sending message 105 to peer 0x5621865c2bb0 (65 bytes)
1741084327.265742 sending message 105 to peer 0x5621865c2bb0 (131 bytes)
1741084327.265745 sending message 105 to peer 0x5621865c2bb0 (659 bytes)
1741084327.265747 sending message 105 to peer 0x5621865c2bb0 (54 bytes)
1741084327.265750 sending message 105 to peer 0x5621865c2bb0 (20 bytes)
1741084327.265752 sending message 105 to peer 0x5621865c2bb0 (88 bytes)
1741084327.265755 sending message 105 to peer 0x5621865c2bb0 (16 bytes)
1741084327.265757 sending message 106 to peer 0x5621865c2bb0 (0 bytes)
1741084327.265762 sending message 200 to peer 0x5621865c2bb0 (4 bytes)
1741084327.265764 client loop enter
1741084327.265798 client_signal: Child exited
1741084327.338726 peer 0x5621865c2bb0 message 207
1741084327.338774 sending message 208 to peer 0x5621865c2bb0 (0 bytes)
1741084337.993891 peer 0x5621865c2bb0 message 203
1741084337.993945 sending message 205 to peer 0x5621865c2bb0 (0 bytes)
1741084337.994537 peer 0x5621865c2bb0 message 204
1741084337.994556 client loop exit
